[0.469s] Invoking command in '/home/berci/ros2_ws/build/ros2_course': PYTHONPATH=/home/berci/ros2_ws/build/ros2_course/prefix_override:/usr/lib/python3/dist-packages/colcon_core/task/python/colcon_distutils_commands:/home/berci/ros2_ws/install/ros2_course/lib/python3.10/site-packages:${PYTHONPATH} /usr/bin/python3 -W ignore:setup.py install is deprecated -W ignore:easy_install command is deprecated setup.py develop --editable --build-directory /home/berci/ros2_ws/build/ros2_course/build --no-deps symlink_data
[0.675s] running develop
[0.807s] running egg_info
[0.808s] creating ros2_course.egg-info
[0.808s] writing ros2_course.egg-info/PKG-INFO
[0.808s] writing dependency_links to ros2_course.egg-info/dependency_links.txt
[0.808s] writing entry points to ros2_course.egg-info/entry_points.txt
[0.808s] writing requirements to ros2_course.egg-info/requires.txt
[0.808s] writing top-level names to ros2_course.egg-info/top_level.txt
[0.808s] writing manifest file 'ros2_course.egg-info/SOURCES.txt'
[0.809s] reading manifest file 'ros2_course.egg-info/SOURCES.txt'
[0.810s] writing manifest file 'ros2_course.egg-info/SOURCES.txt'
[0.811s] running build_ext
[0.811s] Creating /home/berci/ros2_ws/install/ros2_course/lib/python3.10/site-packages/ros2-course.egg-link (link to .)
[0.811s] Installing hello script to /home/berci/ros2_ws/install/ros2_course/lib/ros2_course
[0.811s] 
[0.812s] Installed /home/berci/ros2_ws/build/ros2_course
[0.812s] running symlink_data
[0.812s] creating /home/berci/ros2_ws/install/ros2_course/share/ament_index
[0.812s] creating /home/berci/ros2_ws/install/ros2_course/share/ament_index/resource_index
[0.812s] creating /home/berci/ros2_ws/install/ros2_course/share/ament_index/resource_index/packages
[0.812s] symbolically linking /home/berci/ros2_ws/build/ros2_course/resource/ros2_course -> /home/berci/ros2_ws/install/ros2_course/share/ament_index/resource_index/packages
[0.812s] symbolically linking /home/berci/ros2_ws/build/ros2_course/package.xml -> /home/berci/ros2_ws/install/ros2_course/share/ros2_course
[0.829s] Invoked command in '/home/berci/ros2_ws/build/ros2_course' returned '0': PYTHONPATH=/home/berci/ros2_ws/build/ros2_course/prefix_override:/usr/lib/python3/dist-packages/colcon_core/task/python/colcon_distutils_commands:/home/berci/ros2_ws/install/ros2_course/lib/python3.10/site-packages:${PYTHONPATH} /usr/bin/python3 -W ignore:setup.py install is deprecated -W ignore:easy_install command is deprecated setup.py develop --editable --build-directory /home/berci/ros2_ws/build/ros2_course/build --no-deps symlink_data
